0 info it worked if it ends with ok
1 verbose cli [ '/usr/local/bin/node', '/usr/local/bin/npm', 'start' ]
2 info using npm@3.5.2
3 info using node@v5.2.0
4 verbose run-script [ 'prestart', 'start', 'poststart' ]
5 info lifecycle raspberry-pi-bot@1.0.0~prestart: raspberry-pi-bot@1.0.0
6 silly lifecycle raspberry-pi-bot@1.0.0~prestart: no script for prestart, continuing
7 info lifecycle raspberry-pi-bot@1.0.0~start: raspberry-pi-bot@1.0.0
8 verbose lifecycle raspberry-pi-bot@1.0.0~start: unsafe-perm in lifecycle true
9 verbose lifecycle raspberry-pi-bot@1.0.0~start: PATH: /usr/local/lib/node_modules/npm/bin/node-gyp-bin:/Users/zxcvbnius/Documents/RaspberryPi/raspberry-pi-bot/node_modules/.bin:/usr/local/heroku/bin:/Library/Frameworks/Python.framework/Versions/3.4/bin:/Users/zxcvbnius/bin:/Users/zxcvbnius/sbin:/usr/local/bin:/usr/bin:/bin:/usr/sbin:/sbin:/etc:/usr/libexec:/usr/X11R6/bin:.
10 verbose lifecycle raspberry-pi-bot@1.0.0~start: CWD: /Users/zxcvbnius/Documents/RaspberryPi/raspberry-pi-bot
11 silly lifecycle raspberry-pi-bot@1.0.0~start: Args: [ '-c', 'node .app.js' ]
12 silly lifecycle raspberry-pi-bot@1.0.0~start: Returned: code: 1  signal: null
13 info lifecycle raspberry-pi-bot@1.0.0~start: Failed to exec start script
14 verbose stack Error: raspberry-pi-bot@1.0.0 start: `node .app.js`
14 verbose stack Exit status 1
14 verbose stack     at EventEmitter.<anonymous> (/usr/local/lib/node_modules/npm/lib/utils/lifecycle.js:232:16)
14 verbose stack     at emitTwo (events.js:88:13)
14 verbose stack     at EventEmitter.emit (events.js:173:7)
14 verbose stack     at ChildProcess.<anonymous> (/usr/local/lib/node_modules/npm/lib/utils/spawn.js:24:14)
14 verbose stack     at emitTwo (events.js:88:13)
14 verbose stack     at ChildProcess.emit (events.js:173:7)
14 verbose stack     at maybeClose (internal/child_process.js:819:16)
14 verbose stack     at Process.ChildProcess._handle.onexit (internal/child_process.js:212:5)
15 verbose pkgid raspberry-pi-bot@1.0.0
16 verbose cwd /Users/zxcvbnius/Documents/RaspberryPi/raspberry-pi-bot
17 error Darwin 15.4.0
18 error argv "/usr/local/bin/node" "/usr/local/bin/npm" "start"
19 error node v5.2.0
20 error npm  v3.5.2
21 error code ELIFECYCLE
22 error raspberry-pi-bot@1.0.0 start: `node .app.js`
22 error Exit status 1
23 error Failed at the raspberry-pi-bot@1.0.0 start script 'node .app.js'.
23 error Make sure you have the latest version of node.js and npm installed.
23 error If you do, this is most likely a problem with the raspberry-pi-bot package,
23 error not with npm itself.
23 error Tell the author that this fails on your system:
23 error     node .app.js
23 error You can get information on how to open an issue for this project with:
23 error     npm bugs raspberry-pi-bot
23 error Or if that isn't available, you can get their info via:
23 error     npm owner ls raspberry-pi-bot
23 error There is likely additional logging output above.
24 verbose exit [ 1, true ]
