MJPG Streamer Version: svn rev: 3:160M
 i: Using V4L2 device.: /dev/video0
 i: Desired Resolution: 640 x 480
 i: Frames Per Second.: 4
 i: Format............: MJPEG
Adding control for Pan (relative)
UVCIOC_CTRL_ADD - Error: Inappropriate ioctl for device
Adding control for Tilt (relative)
UVCIOC_CTRL_ADD - Error: Inappropriate ioctl for device
Adding control for Pan Reset
UVCIOC_CTRL_ADD - Error: Inappropriate ioctl for device
Adding control for Tilt Reset
UVCIOC_CTRL_ADD - Error: Inappropriate ioctl for device
Adding control for Pan/tilt Reset
UVCIOC_CTRL_ADD - Error: Inappropriate ioctl for device
Adding control for Focus (absolute)
UVCIOC_CTRL_ADD - Error: Inappropriate ioctl for device
mapping control for Pan (relative)
UVCIOC_CTRL_MAP - Error: Inappropriate ioctl for device
mapping control for Tilt (relative)
UVCIOC_CTRL_MAP - Error: Inappropriate ioctl for device
mapping control for Pan Reset
UVCIOC_CTRL_MAP - Error: Inappropriate ioctl for device
mapping control for Tilt Reset
UVCIOC_CTRL_MAP - Error: Inappropriate ioctl for device
mapping control for Pan/tilt Reset
UVCIOC_CTRL_MAP - Error: Inappropriate ioctl for device
mapping control for Focus (absolute)
UVCIOC_CTRL_MAP - Error: Inappropriate ioctl for device
mapping control for LED1 Mode
UVCIOC_CTRL_MAP - Error: Inappropriate ioctl for device
mapping control for LED1 Frequency
UVCIOC_CTRL_MAP - Error: Inappropriate ioctl for device
mapping control for Disable video processing
UVCIOC_CTRL_MAP - Error: Inappropriate ioctl for device
mapping control for Raw bits per pixel
UVCIOC_CTRL_MAP - Error: Inappropriate ioctl for device
 o: www-folder-path...: www/
 o: HTTP TCP port.....: 8080
 o: username:password.: disabled
 o: commands..........: enabled
starting running check task
starting hanging check task
serving client: 172.18.1.98
serving client: 172.18.1.98
serving client: 172.18.1.98
MJPG Streamer Version: svn rev: 3:160M
 i: Using V4L2 device.: /dev/video0
 i: Desired Resolution: 640 x 480
 i: Frames Per Second.: 4
 i: Format............: MJPEG
Adding control for Pan (relative)
UVCIOC_CTRL_ADD - Error: Inappropriate ioctl for device
Adding control for Tilt (relative)
UVCIOC_CTRL_ADD - Error: Inappropriate ioctl for device
Adding control for Pan Reset
UVCIOC_CTRL_ADD - Error: Inappropriate ioctl for device
Adding control for Tilt Reset
UVCIOC_CTRL_ADD - Error: Inappropriate ioctl for device
Adding control for Pan/tilt Reset
UVCIOC_CTRL_ADD - Error: Inappropriate ioctl for device
Adding control for Focus (absolute)
UVCIOC_CTRL_ADD - Error: Inappropriate ioctl for device
mapping control for Pan (relative)
UVCIOC_CTRL_MAP - Error: Inappropriate ioctl for device
mapping control for Tilt (relative)
UVCIOC_CTRL_MAP - Error: Inappropriate ioctl for device
mapping control for Pan Reset
UVCIOC_CTRL_MAP - Error: Inappropriate ioctl for device
mapping control for Tilt Reset
UVCIOC_CTRL_MAP - Error: Inappropriate ioctl for device
mapping control for Pan/tilt Reset
UVCIOC_CTRL_MAP - Error: Inappropriate ioctl for device
mapping control for Focus (absolute)
UVCIOC_CTRL_MAP - Error: Inappropriate ioctl for device
mapping control for LED1 Mode
UVCIOC_CTRL_MAP - Error: Inappropriate ioctl for device
mapping control for LED1 Frequency
UVCIOC_CTRL_MAP - Error: Inappropriate ioctl for device
mapping control for Disable video processing
UVCIOC_CTRL_MAP - Error: Inappropriate ioctl for device
mapping control for Raw bits per pixel
UVCIOC_CTRL_MAP - Error: Inappropriate ioctl for device
 o: www-folder-path...: www/
 o: HTTP TCP port.....: 8080
 o: username:password.: disabled
 o: commands..........: enabled
starting running check task
starting hanging check task
MJPG Streamer Version: svn rev: 3:160M
 i: Using V4L2 device.: /dev/video0
 i: Desired Resolution: 320 x 240
 i: Frames Per Second.: 4
 i: Format............: YUV
 i: JPEG Quality......: 80
Adding control for Pan (relative)
UVCIOC_CTRL_ADD - Error: Inappropriate ioctl for device
Adding control for Tilt (relative)
UVCIOC_CTRL_ADD - Error: Inappropriate ioctl for device
Adding control for Pan Reset
UVCIOC_CTRL_ADD - Error: Inappropriate ioctl for device
Adding control for Tilt Reset
UVCIOC_CTRL_ADD - Error: Inappropriate ioctl for device
Adding control for Pan/tilt Reset
UVCIOC_CTRL_ADD - Error: Inappropriate ioctl for device
Adding control for Focus (absolute)
UVCIOC_CTRL_ADD - Error: Inappropriate ioctl for device
mapping control for Pan (relative)
UVCIOC_CTRL_MAP - Error: Inappropriate ioctl for device
mapping control for Tilt (relative)
UVCIOC_CTRL_MAP - Error: Inappropriate ioctl for device
mapping control for Pan Reset
UVCIOC_CTRL_MAP - Error: Inappropriate ioctl for device
mapping control for Tilt Reset
UVCIOC_CTRL_MAP - Error: Inappropriate ioctl for device
mapping control for Pan/tilt Reset
UVCIOC_CTRL_MAP - Error: Inappropriate ioctl for device
mapping control for Focus (absolute)
UVCIOC_CTRL_MAP - Error: Inappropriate ioctl for device
mapping control for LED1 Mode
UVCIOC_CTRL_MAP - Error: Inappropriate ioctl for device
mapping control for LED1 Frequency
UVCIOC_CTRL_MAP - Error: Inappropriate ioctl for device
mapping control for Disable video processing
UVCIOC_CTRL_MAP - Error: Inappropriate ioctl for device
mapping control for Raw bits per pixel
UVCIOC_CTRL_MAP - Error: Inappropriate ioctl for device
 o: www-folder-path...: www/
 o: HTTP TCP port.....: 8888
 o: username:password.: disabled
 o: commands..........: enabled
starting running check task
starting hanging check task
serving client: 172.18.1.98
serving client: 172.18.1.98
MJPG Streamer Version: svn rev: 3:160M
 i: Using V4L2 device.: /dev/video0
 i: Desired Resolution: 320 x 240
 i: Frames Per Second.: 4
 i: Format............: YUV
 i: JPEG Quality......: 80
Adding control for Pan (relative)
UVCIOC_CTRL_ADD - Error: Inappropriate ioctl for device
Adding control for Tilt (relative)
UVCIOC_CTRL_ADD - Error: Inappropriate ioctl for device
Adding control for Pan Reset
UVCIOC_CTRL_ADD - Error: Inappropriate ioctl for device
Adding control for Tilt Reset
UVCIOC_CTRL_ADD - Error: Inappropriate ioctl for device
Adding control for Pan/tilt Reset
UVCIOC_CTRL_ADD - Error: Inappropriate ioctl for device
Adding control for Focus (absolute)
UVCIOC_CTRL_ADD - Error: Inappropriate ioctl for device
mapping control for Pan (relative)
UVCIOC_CTRL_MAP - Error: Inappropriate ioctl for device
mapping control for Tilt (relative)
UVCIOC_CTRL_MAP - Error: Inappropriate ioctl for device
mapping control for Pan Reset
UVCIOC_CTRL_MAP - Error: Inappropriate ioctl for device
mapping control for Tilt Reset
UVCIOC_CTRL_MAP - Error: Inappropriate ioctl for device
mapping control for Pan/tilt Reset
UVCIOC_CTRL_MAP - Error: Inappropriate ioctl for device
mapping control for Focus (absolute)
UVCIOC_CTRL_MAP - Error: Inappropriate ioctl for device
mapping control for LED1 Mode
UVCIOC_CTRL_MAP - Error: Inappropriate ioctl for device
mapping control for LED1 Frequency
UVCIOC_CTRL_MAP - Error: Inappropriate ioctl for device
mapping control for Disable video processing
UVCIOC_CTRL_MAP - Error: Inappropriate ioctl for device
mapping control for Raw bits per pixel
UVCIOC_CTRL_MAP - Error: Inappropriate ioctl for device
 o: www-folder-path...: www/
 o: HTTP TCP port.....: 8888
 o: username:password.: disabled
 o: commands..........: enabled
starting running check task
starting hanging check task
serving client: 172.18.1.98
serving client: 172.18.1.98
serving client: 172.18.1.98
serving client: 172.18.1.98
serving client: 172.18.1.98
serving client: 127.0.0.1
serving client: 127.0.0.1
serving client: 127.0.0.1
serving client: 127.0.0.1
serving client: 127.0.0.1
serving client: 127.0.0.1
serving client: 127.0.0.1
serving client: 127.0.0.1
serving client: 127.0.0.1
serving client: 127.0.0.1
serving client: 127.0.0.1
serving client: 127.0.0.1
MJPG Streamer Version: svn rev: 3:160M
 i: Using V4L2 device.: /dev/video0
 i: Desired Resolution: 320 x 240
 i: Frames Per Second.: 4
 i: Format............: YUV
 i: JPEG Quality......: 80
Adding control for Pan (relative)
UVCIOC_CTRL_ADD - Error: Inappropriate ioctl for device
Adding control for Tilt (relative)
UVCIOC_CTRL_ADD - Error: Inappropriate ioctl for device
Adding control for Pan Reset
UVCIOC_CTRL_ADD - Error: Inappropriate ioctl for device
Adding control for Tilt Reset
UVCIOC_CTRL_ADD - Error: Inappropriate ioctl for device
Adding control for Pan/tilt Reset
UVCIOC_CTRL_ADD - Error: Inappropriate ioctl for device
Adding control for Focus (absolute)
UVCIOC_CTRL_ADD - Error: Inappropriate ioctl for device
mapping control for Pan (relative)
UVCIOC_CTRL_MAP - Error: Inappropriate ioctl for device
mapping control for Tilt (relative)
UVCIOC_CTRL_MAP - Error: Inappropriate ioctl for device
mapping control for Pan Reset
UVCIOC_CTRL_MAP - Error: Inappropriate ioctl for device
mapping control for Tilt Reset
UVCIOC_CTRL_MAP - Error: Inappropriate ioctl for device
mapping control for Pan/tilt Reset
UVCIOC_CTRL_MAP - Error: Inappropriate ioctl for device
mapping control for Focus (absolute)
UVCIOC_CTRL_MAP - Error: Inappropriate ioctl for device
mapping control for LED1 Mode
UVCIOC_CTRL_MAP - Error: Inappropriate ioctl for device
mapping control for LED1 Frequency
UVCIOC_CTRL_MAP - Error: Inappropriate ioctl for device
mapping control for Disable video processing
UVCIOC_CTRL_MAP - Error: Inappropriate ioctl for device
mapping control for Raw bits per pixel
UVCIOC_CTRL_MAP - Error: Inappropriate ioctl for device
 o: www-folder-path...: www/
 o: HTTP TCP port.....: 8888
 o: username:password.: disabled
 o: commands..........: enabled
starting hanging check task
starting running check task
setting signal to stop
 i: cleaning up ressources allocated by input thread
force cancellation of threads and cleanup resources
 o: cleaning up ressources allocated by server thread #00
done
MJPG Streamer Version: svn rev: 3:160M
 i: Using V4L2 device.: /dev/video0
 i: Desired Resolution: 320 x 240
 i: Frames Per Second.: 4
 i: Format............: YUV
 i: JPEG Quality......: 80
Adding control for Pan (relative)
UVCIOC_CTRL_ADD - Error: Inappropriate ioctl for device
Adding control for Tilt (relative)
UVCIOC_CTRL_ADD - Error: Inappropriate ioctl for device
Adding control for Pan Reset
UVCIOC_CTRL_ADD - Error: Inappropriate ioctl for device
Adding control for Tilt Reset
UVCIOC_CTRL_ADD - Error: Inappropriate ioctl for device
Adding control for Pan/tilt Reset
UVCIOC_CTRL_ADD - Error: Inappropriate ioctl for device
Adding control for Focus (absolute)
UVCIOC_CTRL_ADD - Error: Inappropriate ioctl for device
mapping control for Pan (relative)
UVCIOC_CTRL_MAP - Error: Inappropriate ioctl for device
mapping control for Tilt (relative)
UVCIOC_CTRL_MAP - Error: Inappropriate ioctl for device
mapping control for Pan Reset
UVCIOC_CTRL_MAP - Error: Inappropriate ioctl for device
mapping control for Tilt Reset
UVCIOC_CTRL_MAP - Error: Inappropriate ioctl for device
mapping control for Pan/tilt Reset
UVCIOC_CTRL_MAP - Error: Inappropriate ioctl for device
mapping control for Focus (absolute)
UVCIOC_CTRL_MAP - Error: Inappropriate ioctl for device
mapping control for LED1 Mode
UVCIOC_CTRL_MAP - Error: Inappropriate ioctl for device
mapping control for LED1 Frequency
UVCIOC_CTRL_MAP - Error: Inappropriate ioctl for device
mapping control for Disable video processing
UVCIOC_CTRL_MAP - Error: Inappropriate ioctl for device
mapping control for Raw bits per pixel
UVCIOC_CTRL_MAP - Error: Inappropriate ioctl for device
 o: www-folder-path...: www/
 o: HTTP TCP port.....: 8888
 o: username:password.: disabled
 o: commands..........: enabled
starting running check task
starting hanging check task
serving client: 172.18.1.68
serving client: 172.18.1.68
serving client: 172.18.1.68
serving client: 172.18.1.68
setting signal to stop
 i: cleaning up ressources allocated by input thread
force cancellation of threads and cleanup resources
 o: cleaning up ressources allocated by server thread #00
done
